build/app/intermediates/manifest_merge_blame_file/release/manifest-merger-blame-release-report.txt
1<?xml version="1.0" encoding="utf-8"?>
2<manifest xmlns:android="http://schemas.android.com/apk/res/android"
3    package="com.example.sahara"
4    android:versionCode="4001"
5    android:versionName="1.0.0" >
6
7    <uses-sdk
8        android:minSdkVersion="16"
8-->src\main\AndroidManifest.xml
9        android:targetSdkVersion="28" />
9-->src\main\AndroidManifest.xml
10    <!--
11         io.flutter.app.FlutterApplication is an android.app.Application that
12         calls FlutterMain.startInitialization(this); in its onCreate method.
13         In most cases you can leave this as-is, but you if you want to provide
14         additional functionality it is fine to subclass or reimplement
15         FlutterApplication and put your custom class here.
16    -->
17    <uses-permission android:name="android.permission.INTERNET" />
17-->src\main\AndroidManifest.xml:8:5-66
17-->src\main\AndroidManifest.xml:8:22-64
18    <!-- Although the *SdkVersion is captured in gradle build files, this is required for non gradle builds -->
19    <!-- <uses-sdk android:minSdkVersion="14" /> -->
20    <uses-permission android:name="android.permission.ACCESS_NETWORK_STATE" />
20-->[com.google.firebase:firebase-firestore:21.3.0] AndroidManifest.xml:13:5-79
20-->[com.google.firebase:firebase-firestore:21.3.0] AndroidManifest.xml:13:22-76
21    <uses-permission android:name="android.permission.WAKE_LOCK" /> <!-- Required by older versions of Google Play services to create IID tokens -->
21-->[com.google.android.gms:play-services-measurement-api:17.2.2] AndroidManifest.xml:24:5-68
21-->[com.google.android.gms:play-services-measurement-api:17.2.2] AndroidManifest.xml:24:22-65
22    <uses-permission android:name="com.google.android.c2dm.permission.RECEIVE" />
22-->[com.google.firebase:firebase-iid:20.0.2] AndroidManifest.xml:26:5-82
22-->[com.google.firebase:firebase-iid:20.0.2] AndroidManifest.xml:26:22-79
23    <uses-permission android:name="com.google.android.finsky.permission.BIND_GET_INSTALL_REFERRER_SERVICE" />
23-->[com.google.android.gms:play-services-measurement:17.2.2] AndroidManifest.xml:26:5-110
23-->[com.google.android.gms:play-services-measurement:17.2.2] AndroidManifest.xml:26:22-107
24
25    <application
26        android:name="android.app.Application"
26-->src\main\AndroidManifest.xml:10:9-42
27        android:appComponentFactory="androidx.core.app.CoreComponentFactory"
27-->[androidx.core:core:1.6.0] AndroidManifest.xml:24:18-86
28        android:icon="@mipmap/ic_launcher"
28-->src\main\AndroidManifest.xml:12:9-43
29        android:label="Leftover Basket" >
29-->src\main\AndroidManifest.xml:11:9-40
30        <activity
30-->src\main\AndroidManifest.xml:13:9-44:20
31            android:name="com.example.sahara.MainActivity"
31-->src\main\AndroidManifest.xml:14:13-41
32            android:configChanges="orientation|keyboardHidden|keyboard|screenSize|smallestScreenSize|locale|layoutDirection|fontScale|screenLayout|density|uiMode"
32-->src\main\AndroidManifest.xml:17:13-163
33            android:hardwareAccelerated="true"
33-->src\main\AndroidManifest.xml:18:13-47
34            android:launchMode="singleTop"
34-->src\main\AndroidManifest.xml:15:13-43
35            android:theme="@style/LaunchTheme"
35-->src\main\AndroidManifest.xml:16:13-47
36            android:windowSoftInputMode="adjustResize" >
36-->src\main\AndroidManifest.xml:19:13-55
37
38            <!--
39                 Specifies an Android theme to apply to this Activity as soon as
40                 the Android process has started. This theme is visible to the user
41                 while the Flutter UI initializes. After that, this theme continues
42                 to determine the Window background behind the Flutter UI.
43            -->
44            <meta-data
44-->src\main\AndroidManifest.xml:24:13-27:17
45                android:name="io.flutter.embedding.android.NormalTheme"
45-->src\main\AndroidManifest.xml:25:15-70
46                android:resource="@style/NormalTheme" />
46-->src\main\AndroidManifest.xml:26:15-52
47            <!--
48                 Displays an Android View that continues showing the launch screen
49                 Drawable until Flutter paints its first frame, then this splash
50                 screen fades out. A splash screen is useful to avoid any visual
51                 gap between the end of Android's launch screen and the painting of
52                 Flutter's first frame.
53            -->
54            <meta-data
54-->src\main\AndroidManifest.xml:33:13-36:17
55                android:name="io.flutter.embedding.android.SplashScreenDrawable"
55-->src\main\AndroidManifest.xml:34:15-79
56                android:resource="@drawable/launch_background" />
56-->src\main\AndroidManifest.xml:35:15-61
57            <meta-data
57-->src\main\AndroidManifest.xml:37:15-39:29
58                android:name="flutterEmbedding"
58-->src\main\AndroidManifest.xml:38:9-40
59                android:value="2" />
59-->src\main\AndroidManifest.xml:39:9-26
60
61            <intent-filter>
61-->src\main\AndroidManifest.xml:40:13-43:29
62                <action android:name="android.intent.action.MAIN" />
62-->src\main\AndroidManifest.xml:41:17-68
62-->src\main\AndroidManifest.xml:41:25-66
63
64                <category android:name="android.intent.category.LAUNCHER" />
64-->src\main\AndroidManifest.xml:42:17-76
64-->src\main\AndroidManifest.xml:42:27-74
65            </intent-filter>
66        </activity>
67        <!--
68             Don't delete the meta-data below.
69             This is used by the Flutter tool to generate GeneratedPluginRegistrant.java
70        -->
71        <meta-data
71-->src\main\AndroidManifest.xml:37:15-39:29
72            android:name="flutterEmbedding"
72-->src\main\AndroidManifest.xml:38:9-40
73            android:value="2" />
73-->src\main\AndroidManifest.xml:39:9-26
74
75        <service
75-->[:cloud_firestore] AndroidManifest.xml:8:9-12:19
76            android:name="com.google.firebase.components.ComponentDiscoveryService"
76-->[:cloud_firestore] AndroidManifest.xml:8:18-89
77            android:directBootAware="true"
77-->[com.google.firebase:firebase-common:19.3.0] AndroidManifest.xml:34:13-43
78            android:exported="false" >
78-->[com.google.firebase:firebase-auth:19.2.0] AndroidManifest.xml:35:13-37
79            <meta-data
79-->[:cloud_firestore] AndroidManifest.xml:9:13-11:85
80                android:name="com.google.firebase.components:io.flutter.plugins.firebase.cloudfirestore.FlutterFirebaseAppRegistrar"
80-->[:cloud_firestore] AndroidManifest.xml:10:17-133
81                android:value="com.google.firebase.components.ComponentRegistrar" />
81-->[:cloud_firestore] AndroidManifest.xml:11:17-82
82            <meta-data
82-->[:firebase_auth] AndroidManifest.xml:9:13-11:85
83                android:name="com.google.firebase.components:io.flutter.plugins.firebaseauth.FlutterFirebaseAppRegistrar"
83-->[:firebase_auth] AndroidManifest.xml:10:17-122
84                android:value="com.google.firebase.components.ComponentRegistrar" />
84-->[:firebase_auth] AndroidManifest.xml:11:17-82
85            <meta-data
85-->[:firebase_core] AndroidManifest.xml:9:13-11:85
86                android:name="com.google.firebase.components:io.flutter.plugins.firebase.core.FlutterFirebaseAppRegistrar"
86-->[:firebase_core] AndroidManifest.xml:10:17-123
87                android:value="com.google.firebase.components.ComponentRegistrar" />
87-->[:firebase_core] AndroidManifest.xml:11:17-82
88            <meta-data
88-->[com.google.firebase:firebase-auth:19.2.0] AndroidManifest.xml:36:13-38:85
89                android:name="com.google.firebase.components:com.google.firebase.auth.FirebaseAuthRegistrar"
89-->[com.google.firebase:firebase-auth:19.2.0] AndroidManifest.xml:37:17-109
90                android:value="com.google.firebase.components.ComponentRegistrar" />
90-->[com.google.firebase:firebase-auth:19.2.0] AndroidManifest.xml:38:17-82
91            <meta-data
91-->[com.google.firebase:firebase-firestore:21.3.0] AndroidManifest.xml:20:13-22:85
92                android:name="com.google.firebase.components:com.google.firebase.firestore.FirestoreRegistrar"
92-->[com.google.firebase:firebase-firestore:21.3.0] AndroidManifest.xml:21:17-111
93                android:value="com.google.firebase.components.ComponentRegistrar" />
93-->[com.google.firebase:firebase-firestore:21.3.0] AndroidManifest.xml:22:17-82
94            <meta-data
94-->[com.google.android.gms:play-services-measurement-api:17.2.2] AndroidManifest.xml:30:13-32:85
95                android:name="com.google.firebase.components:com.google.firebase.analytics.connector.internal.AnalyticsConnectorRegistrar"
95-->[com.google.android.gms:play-services-measurement-api:17.2.2] AndroidManifest.xml:31:17-139
96                android:value="com.google.firebase.components.ComponentRegistrar" />
96-->[com.google.android.gms:play-services-measurement-api:17.2.2] AndroidManifest.xml:32:17-82
97            <meta-data
97-->[com.google.firebase:firebase-iid:20.0.2] AndroidManifest.xml:32:13-34:85
98                android:name="com.google.firebase.components:com.google.firebase.iid.Registrar"
98-->[com.google.firebase:firebase-iid:20.0.2] AndroidManifest.xml:33:17-96
99                android:value="com.google.firebase.components.ComponentRegistrar" />
99-->[com.google.firebase:firebase-iid:20.0.2] AndroidManifest.xml:34:17-82
100        </service>
101
102        <uses-library
102-->[androidx.window:window:1.0.0-beta04] AndroidManifest.xml:25:9-27:40
103            android:name="androidx.window.extensions"
103-->[androidx.window:window:1.0.0-beta04] AndroidManifest.xml:26:13-54
104            android:required="false" />
104-->[androidx.window:window:1.0.0-beta04] AndroidManifest.xml:27:13-37
105        <uses-library
105-->[androidx.window:window:1.0.0-beta04] AndroidManifest.xml:28:9-30:40
106            android:name="androidx.window.sidecar"
106-->[androidx.window:window:1.0.0-beta04] AndroidManifest.xml:29:13-51
107            android:required="false" />
107-->[androidx.window:window:1.0.0-beta04] AndroidManifest.xml:30:13-37
108
109        <activity
109-->[com.google.firebase:firebase-auth:19.2.0] AndroidManifest.xml:24:9-31:50
110            android:name="com.google.firebase.auth.internal.FederatedSignInActivity"
110-->[com.google.firebase:firebase-auth:19.2.0] AndroidManifest.xml:25:13-85
111            android:excludeFromRecents="true"
111-->[com.google.firebase:firebase-auth:19.2.0] AndroidManifest.xml:26:13-46
112            android:exported="true"
112-->[com.google.firebase:firebase-auth:19.2.0] AndroidManifest.xml:27:13-36
113            android:launchMode="singleTask"
113-->[com.google.firebase:firebase-auth:19.2.0] AndroidManifest.xml:28:13-44
114            android:permission="com.google.firebase.auth.api.gms.permission.LAUNCH_FEDERATED_SIGN_IN"
114-->[com.google.firebase:firebase-auth:19.2.0] AndroidManifest.xml:29:13-102
115            android:theme="@android:style/Theme.Translucent.NoTitleBar" />
115-->[com.google.firebase:firebase-auth:19.2.0] AndroidManifest.xml:30:13-72
116
117        <receiver
117-->[com.google.firebase:firebase-iid:20.0.2] AndroidManifest.xml:37:9-44:20
118            android:name="com.google.firebase.iid.FirebaseInstanceIdReceiver"
118-->[com.google.firebase:firebase-iid:20.0.2] AndroidManifest.xml:38:13-78
119            android:exported="true"
119-->[com.google.firebase:firebase-iid:20.0.2] AndroidManifest.xml:39:13-36
120            android:permission="com.google.android.c2dm.permission.SEND" >
120-->[com.google.firebase:firebase-iid:20.0.2] AndroidManifest.xml:40:13-73
121            <intent-filter>
121-->[com.google.firebase:firebase-iid:20.0.2] AndroidManifest.xml:41:13-43:29
122                <action android:name="com.google.android.c2dm.intent.RECEIVE" />
122-->[com.google.firebase:firebase-iid:20.0.2] AndroidManifest.xml:42:17-81
122-->[com.google.firebase:firebase-iid:20.0.2] AndroidManifest.xml:42:25-78
123            </intent-filter>
124        </receiver>
125
126        <provider
126-->[com.google.firebase:firebase-common:19.3.0] AndroidManifest.xml:26:9-30:39
127            android:name="com.google.firebase.provider.FirebaseInitProvider"
127-->[com.google.firebase:firebase-common:19.3.0] AndroidManifest.xml:27:13-77
128            android:authorities="com.example.sahara.firebaseinitprovider"
128-->[com.google.firebase:firebase-common:19.3.0] AndroidManifest.xml:28:13-72
129            android:exported="false"
129-->[com.google.firebase:firebase-common:19.3.0] AndroidManifest.xml:29:13-37
130            android:initOrder="100" />
130-->[com.google.firebase:firebase-common:19.3.0] AndroidManifest.xml:30:13-36
131
132        <receiver
132-->[com.google.android.gms:play-services-measurement:17.2.2] AndroidManifest.xml:29:9-33:20
133            android:name="com.google.android.gms.measurement.AppMeasurementReceiver"
133-->[com.google.android.gms:play-services-measurement:17.2.2] AndroidManifest.xml:30:13-85
134            android:enabled="true"
134-->[com.google.android.gms:play-services-measurement:17.2.2] AndroidManifest.xml:31:13-35
135            android:exported="false" >
135-->[com.google.android.gms:play-services-measurement:17.2.2] AndroidManifest.xml:32:13-37
136        </receiver>
137        <receiver
137-->[com.google.android.gms:play-services-measurement:17.2.2] AndroidManifest.xml:34:9-42:20
138            android:name="com.google.android.gms.measurement.AppMeasurementInstallReferrerReceiver"
138-->[com.google.android.gms:play-services-measurement:17.2.2] AndroidManifest.xml:35:13-100
139            android:enabled="true"
139-->[com.google.android.gms:play-services-measurement:17.2.2] AndroidManifest.xml:36:13-35
140            android:exported="true"
140-->[com.google.android.gms:play-services-measurement:17.2.2] AndroidManifest.xml:37:13-36
141            android:permission="android.permission.INSTALL_PACKAGES" >
141-->[com.google.android.gms:play-services-measurement:17.2.2] AndroidManifest.xml:38:13-69
142            <intent-filter>
142-->[com.google.android.gms:play-services-measurement:17.2.2] AndroidManifest.xml:39:13-41:29
143                <action android:name="com.android.vending.INSTALL_REFERRER" />
143-->[com.google.android.gms:play-services-measurement:17.2.2] AndroidManifest.xml:40:17-79
143-->[com.google.android.gms:play-services-measurement:17.2.2] AndroidManifest.xml:40:25-76
144            </intent-filter>
145        </receiver>
146
147        <service
147-->[com.google.android.gms:play-services-measurement:17.2.2] AndroidManifest.xml:44:9-47:40
148            android:name="com.google.android.gms.measurement.AppMeasurementService"
148-->[com.google.android.gms:play-services-measurement:17.2.2] AndroidManifest.xml:45:13-84
149            android:enabled="true"
149-->[com.google.android.gms:play-services-measurement:17.2.2] AndroidManifest.xml:46:13-35
150            android:exported="false" />
150-->[com.google.android.gms:play-services-measurement:17.2.2] AndroidManifest.xml:47:13-37
151        <service
151-->[com.google.android.gms:play-services-measurement:17.2.2] AndroidManifest.xml:48:9-52:72
152            android:name="com.google.android.gms.measurement.AppMeasurementJobService"
152-->[com.google.android.gms:play-services-measurement:17.2.2] AndroidManifest.xml:49:13-87
153            android:enabled="true"
153-->[com.google.android.gms:play-services-measurement:17.2.2] AndroidManifest.xml:50:13-35
154            android:exported="false"
154-->[com.google.android.gms:play-services-measurement:17.2.2] AndroidManifest.xml:51:13-37
155            android:permission="android.permission.BIND_JOB_SERVICE" />
155-->[com.google.android.gms:play-services-measurement:17.2.2] AndroidManifest.xml:52:13-69
156
157        <activity
157-->[com.google.android.gms:play-services-base:17.1.0] AndroidManifest.xml:23:9-26:75
158            android:name="com.google.android.gms.common.api.GoogleApiActivity"
158-->[com.google.android.gms:play-services-base:17.1.0] AndroidManifest.xml:24:13-79
159            android:exported="false"
159-->[com.google.android.gms:play-services-base:17.1.0] AndroidManifest.xml:25:13-37
160            android:theme="@android:style/Theme.Translucent.NoTitleBar" />
160-->[com.google.android.gms:play-services-base:17.1.0] AndroidManifest.xml:26:13-72
161
162        <meta-data
162-->[com.google.android.gms:play-services-basement:17.0.0] AndroidManifest.xml:23:9-25:69
163            android:name="com.google.android.gms.version"
163-->[com.google.android.gms:play-services-basement:17.0.0] AndroidManifest.xml:24:13-58
164            android:value="@integer/google_play_services_version" />
164-->[com.google.android.gms:play-services-basement:17.0.0] AndroidManifest.xml:25:13-66
165    </application>
166
167</manifest>